1
600
WARNING: WILL NOT WORK WITH OPENCL ARRAYFIRE
DIVISORS: [13]
max length: 13
Template: 1 of 600
1.0000050128620726
Template: 2 of 600
1.0000000876435737
Template: 3 of 600
1.000003398597449
Template: 4 of 600
0.9999999904209158
Template: 5 of 600
1.0000018147298704
Template: 6 of 600
0.9999995163909594
Template: 7 of 600
1.0000008480277371
Template: 8 of 600
1.0000000522133112
Template: 9 of 600
1.0000003892380915
Template: 10 of 600
0.9999999926085317
Template: 11 of 600
1.0000002044585585
Template: 12 of 600
